[09-May-2025 20:42:31 Europe/Berlin] Dados recebidos: Array
(
    [dominio] => teste.com
)

[09-May-2025 20:42:31 Europe/Berlin] Dados recebidos para inserção: Array
(
    [nome] => teste.com
    [email] => teste.com
    [mensagem] => teste.com
    [dataEnvio] => 2025-05-09T20:42:31+02:00
)

[09-May-2025 20:42:31 Europe/Berlin] Configuração BigQuery:
        Project: data-analytics-d-1669130019479
        Dataset: qa_validacao_dw
        Table: prontuario_respostas
        KeyPath: C:\xampp\htdocs\prontuario-qa\config\bigquery-key.json
[09-May-2025 20:42:31 Europe/Berlin] Dados formatados para inserção: Array
(
    [0] => Array
        (
            [data] => Array
                (
                    [nome] => teste.com
                    [email] => teste.com
                    [mensagem] => teste.com
                    [dataEnvio] => 2025-05-09T20:42:31+02:00
                )

        )

)

[09-May-2025 20:42:31 Europe/Berlin] Inserção bem-sucedida
[09-May-2025 20:42:31 Europe/Berlin] Inserção no BigQuery bem-sucedida
[09-May-2025 20:45:16 Europe/Berlin] Dados recebidos: Array
(
    [dominio] => teste.com
)

[09-May-2025 20:45:16 Europe/Berlin] Dados recebidos para inserção: Array
(
    [nome] => teste.com
    [email] => teste.com
    [mensagem] => teste.com
    [dataEnvio] => 2025-05-09T20:45:16+02:00
)

[09-May-2025 20:45:16 Europe/Berlin] Configuração BigQuery:
        Project: data-analytics-d-1669130019479
        Dataset: qa_validacao_dw
        Table: prontuario_respostas
        KeyPath: C:\xampp\htdocs\prontuario-qa\config\bigquery-key.json
[09-May-2025 20:45:16 Europe/Berlin] Dados formatados para inserção: Array
(
    [0] => Array
        (
            [data] => Array
                (
                    [nome] => teste.com
                    [email] => teste.com
                    [mensagem] => teste.com
                    [dataEnvio] => 2025-05-09T20:45:16+02:00
                )

        )

)

[09-May-2025 20:45:16 Europe/Berlin] Inserção bem-sucedida
[09-May-2025 20:45:16 Europe/Berlin] Inserção no BigQuery bem-sucedida
[09-May-2025 20:47:30 Europe/Berlin] Dados recebidos: Array
(
    [dominio] => teste.com.br
    [idCliente] => 411414
    [idTicket] => 41414
    [analistaQa] => Kaique Amorim
    [dataValidacao] => 2025-05-09
    [analistaProducao] => Matheus Jushiro
    [dataProducao] => 2025-05-01
    [comentarioGeral] => 
    [items] => Array
        (
            [0] => Array
                (
                    [cat] => core_web_vitals
                    [catLabel] => Core Web Vitals
                    [item] => performance
                    [itemLabel] => Performance
                    [tool] => lighthouse
                    [toolLabel] => LightHouse
                    [info] => Pontuação minima 60 na Home e MPIs Mobile
                    [approved] => 1
                    [comment] => 
                    [images] => Array
                        (
                        )

                )

            [1] => Array
                (
                    [cat] => metadados_seo
                    [catLabel] => Metadados e SEO
                    [item] => paginas_mpis
                    [itemLabel] => Páginas MPIs 
                    [tool] => manual
                    [toolLabel] => Manual 
                    [info] => Quantidade Igual ou maior que descrito no senseData Todas as palavras MPIs acessíveis Thumb Regioes
                    [approved] => 1
                    [comment] => 
                    [images] => Array
                        (
                        )

                )

            [2] => Array
                (
                    [cat] => metadados_seo
                    [catLabel] => Metadados e SEO
                    [item] => links_externos
                    [itemLabel] => Links Externos - Outlinks
                    [tool] => screamingfrog
                    [toolLabel] => ScreamingFrog
                    [info] => Todos os links externos com os atributos target=”_blank” rel=”nofollow”
                    [approved] => 
                    [comment] => 
                    [images] => Array
                        (
                        )

                )

            [3] => Array
                (
                    [cat] => validacao_codigo
                    [catLabel] => Validação de Código
                    [item] => sem_arquivos_old
                    [itemLabel] => Arquivos Old
                    [tool] => manual
                    [toolLabel] => Manual 
                    [info] => Sem arquivos antigos ou inutilizaveis no repositorio arquivos old ou com ! na frente
                    [approved] => 
                    [comment] => 
                    [images] => Array
                        (
                        )

                )

        )

    [resultado] => Array
        (
            [pontuacao] => 10
            [porcentagem] => 50
            [pontuacaoMaxima] => 20
            [status] => Reprovado
        )

    [metadata] => Array
        (
            [userAgent] => Mozilla/5.0 (Windows NT 10.0; Win64; x64) AppleWebKit/537.36 (KHTML, like Gecko) Chrome/135.0.0.0 Safari/537.36
            [timestamp] => 2025-05-09T18:47:30.502Z
            [screenResolution] => 1920x1080
        )

)

[09-May-2025 20:47:30 Europe/Berlin] Dados recebidos para inserção: Array
(
    [nome] => teste.com.br
    [email] => teste.com.br
    [mensagem] => teste.com.br
    [dataEnvio] => 2025-05-09T20:47:30+02:00
)

[09-May-2025 20:47:30 Europe/Berlin] Configuração BigQuery:
        Project: data-analytics-d-1669130019479
        Dataset: qa_validacao_dw
        Table: prontuario_respostas
        KeyPath: C:\xampp\htdocs\prontuario-qa\config\bigquery-key.json
[09-May-2025 20:47:30 Europe/Berlin] Dados formatados para inserção: Array
(
    [0] => Array
        (
            [data] => Array
                (
                    [nome] => teste.com.br
                    [email] => teste.com.br
                    [mensagem] => teste.com.br
                    [dataEnvio] => 2025-05-09T20:47:30+02:00
                )

        )

)

[09-May-2025 20:47:31 Europe/Berlin] Inserção bem-sucedida
[09-May-2025 20:47:31 Europe/Berlin] Inserção no BigQuery bem-sucedida
